{
  "RSpec": {
    "coverage": {
      "/home/cristiano/Workspace/crossover/ticket-system/config/environment.rb": [
        null,
        1,
        null,
        null,
        1
      ],
      "/home/cristiano/Workspace/crossover/ticket-system/config/application.rb": [
        1,
        null,
        1,
        null,
        null,
        null,
        1,
        null,
        1,
        1,
        null,
        1,
        null,
        null,
        null,
        null,
        null,
        null
      ],
      "/home/cristiano/Workspace/crossover/ticket-system/config/boot.rb": [
        1,
        null,
        1
      ],
      "/home/cristiano/Workspace/crossover/ticket-system/config/environments/test.rb": [
        1,
        null,
        null,
        null,
        null,
        null,
        null,
        1,
        null,
        null,
        null,
        null,
        1,
        null,
        null,
        1,
        1,
        null,
        null,
        null,
        null,
        1,
        1,
        null,
        null,
        1,
        null,
        null,
        1,
        1,
        null,
        null,
        null,
        null,
        1,
        null,
        null,
        1,
        null,
        null,
        null,
        null
      ],
      "/home/cristiano/Workspace/crossover/ticket-system/config/initializers/application_controller_renderer.rb": [
        null,
        null,
        null,
        null,
        null,
        null
      ],
      "/home/cristiano/Workspace/crossover/ticket-system/config/initializers/assets.rb": [
        null,
        null,
        null,
        1,
        null,
        null,
        null,
        null,
        1,
        null,
        null,
        null,
        null,
        null
      ],
      "/home/cristiano/Workspace/crossover/ticket-system/config/initializers/backtrace_silencers.rb": [
        null,
        null,
        null,
        null,
        null,
        null,
        null
      ],
      "/home/cristiano/Workspace/crossover/ticket-system/config/initializers/cookies_serializer.rb": [
        null,
        null,
        null,
        null,
        1
      ],
      "/home/cristiano/Workspace/crossover/ticket-system/config/initializers/filter_parameter_logging.rb": [
        null,
        null,
        null,
        1
      ],
      "/home/cristiano/Workspace/crossover/ticket-system/config/initializers/inflections.rb": [
        null,
        null,
        null,
        null,
        null,
        null,
        null,
        null,
        null,
        null,
        null,
        null,
        null,
        null,
        null,
        null
      ],
      "/home/cristiano/Workspace/crossover/ticket-system/config/initializers/mime_types.rb": [
        null,
        null,
        null,
        null
      ],
      "/home/cristiano/Workspace/crossover/ticket-system/config/initializers/wrap_parameters.rb": [
        null,
        null,
        null,
        null,
        null,
        null,
        1,
        0,
        null,
        null,
        null,
        null,
        null,
        null
      ],
      "/home/cristiano/Workspace/crossover/ticket-system/spec/factories/messages.rb": [
        1,
        1,
        1,
        1,
        1,
        null,
        null
      ],
      "/home/cristiano/Workspace/crossover/ticket-system/spec/factories/tickets.rb": [
        1,
        1,
        1,
        1,
        null,
        null
      ],
      "/home/cristiano/Workspace/crossover/ticket-system/spec/factories/users.rb": [
        1,
        1,
        1,
        1,
        null,
        null,
        1,
        0,
        0,
        null,
        null,
        null,
        0,
        null
      ],
      "/home/cristiano/Workspace/crossover/ticket-system/spec/controllers/tickets_controller_spec.rb": [
        1,
        null,
        0,
        null,
        null,
        0,
        0,
        0,
        0,
        null,
        0,
        0,
        0,
        null,
        null,
        0,
        0,
        0,
        0,
        0,
        null,
        null,
        null,
        0,
        0,
        0,
        0,
        0,
        null,
        null,
        0,
        0,
        0,
        null,
        null,
        null,
        0,
        0,
        0,
        0,
        0,
        null,
        null,
        null,
        null,
        null,
        0,
        0,
        0,
        null,
        0,
        0,
        0,
        null,
        0,
        0,
        null,
        null,
        0,
        0,
        null,
        0,
        0,
        0,
        0,
        0,
        0,
        null,
        null,
        0,
        0,
        0,
        0,
        null,
        null,
        null,
        null,
        0,
        0,
        0,
        0,
        null,
        null,
        null,
        null
      ],
      "/home/cristiano/Workspace/crossover/ticket-system/spec/rails_helper.rb": [
        null,
        1,
        1,
        1,
        null,
        0,
        0,
        0,
        0,
        0,
        null,
        null,
        null,
        null,
        null,
        null,
        null,
        null,
        null,
        null,
        null,
        null,
        null,
        null,
        null,
        null,
        null,
        null,
        null,
        0,
        null,
        0,
        null,
        0,
        null,
        null,
        null,
        null,
        0,
        null,
        null,
        null,
        null,
        null,
        null,
        null,
        null,
        null,
        null,
        null,
        null,
        null,
        null,
        0,
        null,
        null,
        0,
        null,
        null,
        null
      ],
      "/home/cristiano/Workspace/crossover/ticket-system/spec/models/message_spec.rb": [
        1,
        null,
        0,
        0,
        0,
        0,
        null,
        0,
        0,
        0,
        null,
        0,
        null,
        null,
        0,
        0,
        0,
        null,
        0,
        null,
        null,
        0,
        0,
        0,
        null,
        0,
        null,
        null,
        null,
        null,
        0,
        0,
        0,
        0,
        null,
        null
      ],
      "/home/cristiano/Workspace/crossover/ticket-system/spec/models/ticket_spec.rb": [
        1,
        null,
        0,
        0,
        0,
        0,
        null,
        null,
        0,
        0,
        0,
        0,
        null,
        null,
        0,
        0,
        0,
        0,
        null,
        0,
        0,
        null,
        null,
        null,
        0,
        0,
        0,
        null,
        0,
        0,
        null,
        null,
        null,
        null,
        null
      ],
      "/home/cristiano/Workspace/crossover/ticket-system/spec/models/user/agent_spec.rb": [
        1,
        null,
        0,
        0,
        0,
        0,
        null,
        null,
        null,
        0,
        0,
        0,
        null,
        null
      ],
      "/home/cristiano/Workspace/crossover/ticket-system/spec/models/user/customer_spec.rb": [
        1,
        null,
        0,
        0,
        0,
        0,
        null,
        null,
        null,
        0,
        0,
        0,
        null,
        null
      ],
      "/home/cristiano/Workspace/crossover/ticket-system/spec/models/user_spec.rb": [
        1,
        null,
        0,
        0,
        0,
        null,
        0,
        0,
        null,
        0,
        0,
        0,
        null,
        null,
        null,
        0,
        0,
        0,
        null,
        null,
        null,
        null
      ],
      "/home/cristiano/Workspace/crossover/ticket-system/spec/routing/messages_routing_spec.rb": [
        1,
        null,
        0,
        0,
        null,
        0,
        0,
        null,
        null,
        0,
        0,
        null,
        null,
        0,
        0,
        null,
        null,
        null,
        0,
        0,
        null,
        null,
        null,
        0,
        0,
        null,
        null,
        0,
        0,
        null,
        null,
        0,
        0,
        null,
        null,
        0,
        0,
        null,
        null,
        null,
        null
      ],
      "/home/cristiano/Workspace/crossover/ticket-system/spec/routing/tickets_routing_spec.rb": [
        1,
        null,
        0,
        0,
        null,
        0,
        0,
        null,
        null,
        0,
        0,
        null,
        null,
        null,
        0,
        0,
        null,
        null,
        0,
        0,
        null,
        null,
        0,
        0,
        null,
        null,
        0,
        0,
        null,
        null,
        null,
        null
      ]
    },
    "timestamp": 1499637235
  }
}
